Vivado Simulator 2020.2
Copyright 1986-1999, 2001-2020 Xilinx, Inc. All Rights Reserved.
Running: D:/Xilinx/Vivado/2020.2/bin/unwrapped/win64.o/xelab.exe -wto ad3fa1b30fbd4d069d7c2a0e0e1edd4f --incr --debug typical --relax --mt 2 -L xil_defaultlib -L secureip --snapshot tb_PilotageLED_Avec_Module_LedDriver_behav xil_defaultlib.tb_PilotageLED_Avec_Module_LedDriver -log elaborate.log 
Using 2 slave threads.
Starting static elaboration
WARNING: [VRFC 10-1537] value 0 is out of target constraint range 1 to 2147483647 [C:/Users/utilisateur/Documents/TP/TP04 - Pilotage/Counter_unit.vhd:19]
WARNING: [VRFC 10-1537] value 0 is out of target constraint range 1 to 2147483647 [C:/Users/utilisateur/Documents/TP/TP04 - Pilotage/Counter_unit.vhd:27]
WARNING: [VRFC 10-1537] value 0 is out of target constraint range 1 to 2147483647 [C:/Users/utilisateur/Documents/TP/TP04 - Pilotage/Counter_unit.vhd:31]
Completed static elaboration
Starting simulation data flow analysis
Completed simulation data flow analysis
Time Resolution for simulation is 1ps
Compiling package std.standard
Compiling package std.textio
Compiling package ieee.std_logic_1164
Compiling package ieee.std_logic_arith
Compiling package ieee.std_logic_unsigned
Compiling package ieee.numeric_std
Compiling architecture behavioral of entity xil_defaultlib.counter_unit [\counter_unit(cst=50)\]
Compiling architecture behavioral of entity xil_defaultlib.LedDriver [leddriver_default]
Compiling architecture behavioral of entity xil_defaultlib.PilotageLED_Avec_Module_LedDriver [pilotageled_avec_module_leddrive...]
Compiling architecture behavioral of entity xil_defaultlib.tb_pilotageled_avec_module_leddr...
Built simulation snapshot tb_PilotageLED_Avec_Module_LedDriver_behav
