#-----------------------------------------------------------
# Vivado v2020.2 (64-bit)
# SW Build 3064766 on Wed Nov 18 09:12:45 MST 2020
# IP Build 3064653 on Wed Nov 18 14:17:31 MST 2020
# Start of session at: Mon May 15 15:10:36 2023
# Process ID: 10216
# Current directory: C:/Users/utilisateur/Documents/TP/TP04/PilotageLED_Memoire
# Command line: vivado.exe -gui_launcher_event rodinguilauncherevent10336 C:\Users\utilisateur\Documents\TP\TP04\PilotageLED_Memoire\PilotageLED_Memoire.xpr
# Log file: C:/Users/utilisateur/Documents/TP/TP04/PilotageLED_Memoire/vivado.log
# Journal file: C:/Users/utilisateur/Documents/TP/TP04/PilotageLED_Memoire\vivado.jou
#----------------------------------------------------------ststart_guopopen_project C:/Users/utilisateur/Documents/TP/TP04/PilotageLED_Memoire/PilotageLED_Memoire.xpWAWARNING: [filemgmt 56-3] Default IP Output Path : Could not find the directory 'C:/Users/utilisateur/Documents/TP/TP04/PilotageLED_Memoire/PilotageLED_Memoire.gen/sources_1'.
Scanning sources...
Finished scanning sources
INFO: [IP_Flow 19-234] Refreshing IP repositories
INFO: [IP_Flow 19-1704] No user IP repositories specified
INFO: [IP_Flow 19-2313] Loaded Vivado IP repository 'D:/Xilinx/Vivado/2020.2/data/ip'opopen_project: Time (s): cpu = 00:00:45 ; elapsed = 00:00:20 . Memory (MB): peak = 1100.578 ; gain = 0.00update_INFO: [Common 17-206] Exiting Vivado at Mon May 15 15:11:54 2023...
imulation 
INFO: [Vivado 12-5682] Launching behavioral simulation in 'C:/Users/utilisateur/Documents/TP/TP04/PilotageLED_Memoire/PilotageLED_Memoire.sim/sim_1/behav/xsim'
INFO: [SIM-utils-51] Simulation object is 'sim_1'
INFO: [SIM-utils-54] Inspecting design source files for 'tb_PilotageLED_Memoire' in fileset 'sim_1'...
INFO: [USF-XSim-97] Finding global include files...
INFO: [USF-XSim-98] Fetching design files from 'sim_1'...
INFO: [USF-XSim-2] XSim::Compile design
INFO: [USF-XSim-61] Executing 'COMPILE and ANALYZE' step in 'C:/Users/utilisateur/Documents/TP/TP04/PilotageLED_Memoire/PilotageLED_Memoire.sim/sim_1/behav/xsim'
"xvhdl --incr --relax -prj tb_PilotageLED_Memoire_vhdl.prj"
INFO: [USF-XSim-69] 'compile' step finished in '3' seconds
INFO: [USF-XSim-3] XSim::Elaborate design
INFO: [USF-XSim-61] Executing 'ELABORATE' step in 'C:/Users/utilisateur/Documents/TP/TP04/PilotageLED_Memoire/PilotageLED_Memoire.sim/sim_1/behav/xsim'
"xelab -wto e55d4015910043b8b38a3d6a5d16d04d --incr --debug typical --relax --mt 2 -L xil_defaultlib -L secureip --snapshot tb_PilotageLED_Memoire_behav xil_defaultlib.tb_PilotageLED_Memoire -log elaborate.log"
Vivado Simulator 2020.2
Copyright 1986-1999, 2001-2020 Xilinx, Inc. All Rights Reserved.
Running: D:/Xilinx/Vivado/2020.2/bin/unwrapped/win64.o/xelab.exe -wto e55d4015910043b8b38a3d6a5d16d04d --incr --debug typical --relax --mt 2 -L xil_defaultlib -L secureip --snapshot tb_PilotageLED_Memoire_behav xil_defaultlib.tb_PilotageLED_Memoire -log elaborate.log 
Using 2 slave threads.
Starting static elaboration
WARNING: [VRFC 10-1537] value 0 is out of target constraint range 1 to 2147483647 [C:/Users/utilisateur/Documents/TP/TP04/Counter_unit.vhd:19]
WARNING: [VRFC 10-1537] value 0 is out of target constraint range 1 to 2147483647 [C:/Users/utilisateur/Documents/TP/TP04/Counter_unit.vhd:27]
WARNING: [VRFC 10-1537] value 0 is out of target constraint range 1 to 2147483647 [C:/Users/utilisateur/Documents/TP/TP04/Counter_unit.vhd:31]
Completed static elaboration
INFO: [XSIM 43-4323] No Change in HDL. Linking previously generated obj files to create kernel
INFO: [USF-XSim-69] 'elaborate' step finished in '3' seconds
INFO: [USF-XSim-4] XSim::Simulate design
INFO: [USF-XSim-61] Executing 'SIMULATE' step in 'C:/Users/utilisateur/Documents/TP/TP04/PilotageLED_Memoire/PilotageLED_Memoire.sim/sim_1/behav/xsim'
INFO: [USF-XSim-98] *** Running xsim
   with args "tb_PilotageLED_Memoire_behav -key {Behavioral:sim_1:Functional:tb_PilotageLED_Memoire} -tclbatch {tb_PilotageLED_Memoire.tcl} -view {C:/Users/utilisateur/Documents/TP/TP04/PilotageLED_Memoire/tb_PilotageLED_Memoire_behav.wcfg} -log {simulate.log}"
INFO: [USF-XSim-8] Loading simulator feature
Vivado Simulator 2020.2
Time resolution is 1 ps
open_wave_config C:/Users/utilisateur/Documents/TP/TP04/PilotageLED_Memoire/tb_PilotageLED_Memoire_behav.wcfg
source tb_PilotageLED_Memoire.tcl
# set curr_wave [current_wave_config]
# if { [string length $curr_wave] == 0 } {
#   if { [llength [get_objects]] > 0} {
#     add_wave /
#     set_property needs_save false [current_wave_config]
#   } else {
#      send_msg_id Add_Wave-1 WARNING "No top level signals found. Simulator will start without a wave window. If you want to open a wave window go to 'File->New Waveform Configuration' or type 'create_wave_config' in the TCL console."
#   }
# }
# run 1000ns
xsim: Time (s): cpu = 00:00:18 ; elapsed = 00:00:06 . Memory (MB): peak = 1102.934 ; gain = 0.000
INFO: [USF-XSim-96] XSim completed. Design snapshot 'tb_PilotageLED_Memoire_behav' loaded.
INFO: [USF-XSim-97] XSim simulation ran for 1000ns
launch_simulation: Time (s): cpu = 00:00:22 ; elapsed = 00:00:12 . Memory (MB): peak = 1102.934 ; gain = 0.000
run 20000ns
close_sim
INFO: [Simtcl 6-16] Simulation closed
launch_simulation
Command: launch_simulation 
INFO: [Vivado 12-5682] Launching behavioral simulation in 'C:/Users/utilisateur/Documents/TP/TP04/PilotageLED_Memoire/PilotageLED_Memoire.sim/sim_1/behav/xsim'
INFO: [SIM-utils-51] Simulation object is 'sim_1'
INFO: [SIM-utils-54] Inspecting design source files for 'tb_PilotageLED_Memoire' in fileset 'sim_1'...
INFO: [USF-XSim-97] Finding global include files...
INFO: [USF-XSim-98] Fetching design files from 'sim_1'...
INFO: [USF-XSim-2] XSim::Compile design
INFO: [USF-XSim-61] Executing 'COMPILE and ANALYZE' step in 'C:/Users/utilisateur/Documents/TP/TP04/PilotageLED_Memoire/PilotageLED_Memoire.sim/sim_1/behav/xsim'
"xvhdl --incr --relax -prj tb_PilotageLED_Memoire_vhdl.prj"
INFO: [VRFC 10-163] Analyzing VHDL file "C:/Users/utilisateur/Documents/TP/TP04/PilotageLED_Memoire.vhd" into library xil_defaultlib
INFO: [VRFC 10-3107] analyzing entity 'PilotageLED_Memoire'
INFO: [USF-XSim-69] 'compile' step finished in '3' seconds
INFO: [USF-XSim-3] XSim::Elaborate design
INFO: [USF-XSim-61] Executing 'ELABORATE' step in 'C:/Users/utilisateur/Documents/TP/TP04/PilotageLED_Memoire/PilotageLED_Memoire.sim/sim_1/behav/xsim'
"xelab -wto e55d4015910043b8b38a3d6a5d16d04d --incr --debug typical --relax --mt 2 -L xil_defaultlib -L secureip --snapshot tb_PilotageLED_Memoire_behav xil_defaultlib.tb_PilotageLED_Memoire -log elaborate.log"
Vivado Simulator 2020.2
Copyright 1986-1999, 2001-2020 Xilinx, Inc. All Rights Reserved.
Running: D:/Xilinx/Vivado/2020.2/bin/unwrapped/win64.o/xelab.exe -wto e55d4015910043b8b38a3d6a5d16d04d --incr --debug typical --relax --mt 2 -L xil_defaultlib -L secureip --snapshot tb_PilotageLED_Memoire_behav xil_defaultlib.tb_PilotageLED_Memoire -log elaborate.log 
Using 2 slave threads.
Starting static elaboration
WARNING: [VRFC 10-1537] value 0 is out of target constraint range 1 to 2147483647 [C:/Users/utilisateur/Documents/TP/TP04/Counter_unit.vhd:19]
WARNING: [VRFC 10-1537] value 0 is out of target constraint range 1 to 2147483647 [C:/Users/utilisateur/Documents/TP/TP04/Counter_unit.vhd:27]
WARNING: [VRFC 10-1537] value 0 is out of target constraint range 1 to 2147483647 [C:/Users/utilisateur/Documents/TP/TP04/Counter_unit.vhd:31]
Completed static elaboration
Starting simulation data flow analysis
Completed simulation data flow analysis
Time Resolution for simulation is 1ps
Compiling package std.standard
Compiling package std.textio
Compiling package ieee.std_logic_1164
Compiling package ieee.std_logic_arith
Compiling package ieee.std_logic_unsigned
Compiling package ieee.numeric_std
Compiling architecture behavioral of entity xil_defaultlib.counter_unit [counter_unit_default]
Compiling architecture behavioral of entity xil_defaultlib.PilotageLED_Memoire [pilotageled_memoire_default]
Compiling architecture behavioral of entity xil_defaultlib.tb_pilotageled_memoire
Built simulation snapshot tb_PilotageLED_Memoire_behav
INFO: [USF-XSim-69] 'elaborate' step finished in '3' seconds
INFO: [USF-XSim-4] XSim::Simulate design
INFO: [USF-XSim-61] Executing 'SIMULATE' step in 'C:/Users/utilisateur/Documents/TP/TP04/PilotageLED_Memoire/PilotageLED_Memoire.sim/sim_1/behav/xsim'
INFO: [USF-XSim-98] *** Running xsim
   with args "tb_PilotageLED_Memoire_behav -key {Behavioral:sim_1:Functional:tb_PilotageLED_Memoire} -tclbatch {tb_PilotageLED_Memoire.tcl} -view {C:/Users/utilisateur/Documents/TP/TP04/PilotageLED_Memoire/tb_PilotageLED_Memoire_behav.wcfg} -log {simulate.log}"
INFO: [USF-XSim-8] Loading simulator feature
Vivado Simulator 2020.2
Time resolution is 1 ps
open_wave_config C:/Users/utilisateur/Documents/TP/TP04/PilotageLED_Memoire/tb_PilotageLED_Memoire_behav.wcfg
source tb_PilotageLED_Memoire.tcl
# set curr_wave [current_wave_config]
# if { [string length $curr_wave] == 0 } {
#   if { [llength [get_objects]] > 0} {
#     add_wave /
#     set_property needs_save false [current_wave_config]
#   } else {
#      send_msg_id Add_Wave-1 WARNING "No top level signals found. Simulator will start without a wave window. If you want to open a wave window go to 'File->New Waveform Configuration' or type 'create_wave_config' in the TCL console."
#   }
# }
# run 1000ns
INFO: [USF-XSim-96] XSim completed. Design snapshot 'tb_PilotageLED_Memoire_behav' loaded.
INFO: [USF-XSim-97] XSim simulation ran for 1000ns
launch_simulation: Time (s): cpu = 00:00:08 ; elapsed = 00:00:12 . Memory (MB): peak = 1102.934 ; gain = 0.000
run 20000ns
close_sim
INFO: [Simtcl 6-16] Simulation closed
launch_simulation
Command: launch_simulation 
INFO: [Vivado 12-5682] Launching behavioral simulation in 'C:/Users/utilisateur/Documents/TP/TP04/PilotageLED_Memoire/PilotageLED_Memoire.sim/sim_1/behav/xsim'
INFO: [SIM-utils-51] Simulation object is 'sim_1'
INFO: [SIM-utils-54] Inspecting design source files for 'tb_PilotageLED_Memoire' in fileset 'sim_1'...
INFO: [USF-XSim-97] Finding global include files...
INFO: [USF-XSim-98] Fetching design files from 'sim_1'...
INFO: [USF-XSim-2] XSim::Compile design
INFO: [USF-XSim-61] Executing 'COMPILE and ANALYZE' step in 'C:/Users/utilisateur/Documents/TP/TP04/PilotageLED_Memoire/PilotageLED_Memoire.sim/sim_1/behav/xsim'
"xvhdl --incr --relax -prj tb_PilotageLED_Memoire_vhdl.prj"
INFO: [VRFC 10-163] Analyzing VHDL file "C:/Users/utilisateur/Documents/TP/TP04/PilotageLED_Memoire.vhd" into library xil_defaultlib
INFO: [VRFC 10-3107] analyzing entity 'PilotageLED_Memoire'
INFO: [USF-XSim-69] 'compile' step finished in '3' seconds
INFO: [USF-XSim-3] XSim::Elaborate design
INFO: [USF-XSim-61] Executing 'ELABORATE' step in 'C:/Users/utilisateur/Documents/TP/TP04/PilotageLED_Memoire/PilotageLED_Memoire.sim/sim_1/behav/xsim'
"xelab -wto e55d4015910043b8b38a3d6a5d16d04d --incr --debug typical --relax --mt 2 -L xil_defaultlib -L secureip --snapshot tb_PilotageLED_Memoire_behav xil_defaultlib.tb_PilotageLED_Memoire -log elaborate.log"
Vivado Simulator 2020.2
Copyright 1986-1999, 2001-2020 Xilinx, Inc. All Rights Reserved.
Running: D:/Xilinx/Vivado/2020.2/bin/unwrapped/win64.o/xelab.exe -wto e55d4015910043b8b38a3d6a5d16d04d --incr --debug typical --relax --mt 2 -L xil_defaultlib -L secureip --snapshot tb_PilotageLED_Memoire_behav xil_defaultlib.tb_PilotageLED_Memoire -log elaborate.log 
Using 2 slave threads.
Starting static elaboration
WARNING: [VRFC 10-1537] value 0 is out of target constraint range 1 to 2147483647 [C:/Users/utilisateur/Documents/TP/TP04/Counter_unit.vhd:19]
WARNING: [VRFC 10-1537] value 0 is out of target constraint range 1 to 2147483647 [C:/Users/utilisateur/Documents/TP/TP04/Counter_unit.vhd:27]
WARNING: [VRFC 10-1537] value 0 is out of target constraint range 1 to 2147483647 [C:/Users/utilisateur/Documents/TP/TP04/Counter_unit.vhd:31]
Completed static elaboration
Starting simulation data flow analysis
Completed simulation data flow analysis
Time Resolution for simulation is 1ps
Compiling package std.standard
Compiling package std.textio
Compiling package ieee.std_logic_1164
Compiling package ieee.std_logic_arith
Compiling package ieee.std_logic_unsigned
Compiling package ieee.numeric_std
Compiling architecture behavioral of entity xil_defaultlib.counter_unit [counter_unit_default]
Compiling architecture behavioral of entity xil_defaultlib.PilotageLED_Memoire [pilotageled_memoire_default]
Compiling architecture behavioral of entity xil_defaultlib.tb_pilotageled_memoire
Built simulation snapshot tb_PilotageLED_Memoire_behav
INFO: [USF-XSim-69] 'elaborate' step finished in '3' seconds
INFO: [USF-XSim-4] XSim::Simulate design
INFO: [USF-XSim-61] Executing 'SIMULATE' step in 'C:/Users/utilisateur/Documents/TP/TP04/PilotageLED_Memoire/PilotageLED_Memoire.sim/sim_1/behav/xsim'
INFO: [USF-XSim-98] *** Running xsim
   with args "tb_PilotageLED_Memoire_behav -key {Behavioral:sim_1:Functional:tb_PilotageLED_Memoire} -tclbatch {tb_PilotageLED_Memoire.tcl} -view {C:/Users/utilisateur/Documents/TP/TP04/PilotageLED_Memoire/tb_PilotageLED_Memoire_behav.wcfg} -log {simulate.log}"
INFO: [USF-XSim-8] Loading simulator feature
Vivado Simulator 2020.2
Time resolution is 1 ps
open_wave_config C:/Users/utilisateur/Documents/TP/TP04/PilotageLED_Memoire/tb_PilotageLED_Memoire_behav.wcfg
source tb_PilotageLED_Memoire.tcl
# set curr_wave [current_wave_config]
# if { [string length $curr_wave] == 0 } {
#   if { [llength [get_objects]] > 0} {
#     add_wave /
#     set_property needs_save false [current_wave_config]
#   } else {
#      send_msg_id Add_Wave-1 WARNING "No top level signals found. Simulator will start without a wave window. If you want to open a wave window go to 'File->New Waveform Configuration' or type 'create_wave_config' in the TCL console."
#   }
# }
# run 1000ns
INFO: [USF-XSim-96] XSim completed. Design snapshot 'tb_PilotageLED_Memoire_behav' loaded.
INFO: [USF-XSim-97] XSim simulation ran for 1000ns
launch_simulation: Time (s): cpu = 00:00:07 ; elapsed = 00:00:10 . Memory (MB): peak = 1102.934 ; gain = 0.000
run 20000ns
close_sim
INFO: [Simtcl 6-16] Simulation closed
launch_simulation
Command: launch_simulation 
INFO: [Vivado 12-5682] Launching behavioral simulation in 'C:/Users/utilisateur/Documents/TP/TP04/PilotageLED_Memoire/PilotageLED_Memoire.sim/sim_1/behav/xsim'
INFO: [SIM-utils-51] Simulation object is 'sim_1'
INFO: [SIM-utils-54] Inspecting design source files for 'tb_PilotageLED_Memoire' in fileset 'sim_1'...
INFO: [USF-XSim-97] Finding global include files...
INFO: [USF-XSim-98] Fetching design files from 'sim_1'...
INFO: [USF-XSim-2] XSim::Compile design
INFO: [USF-XSim-61] Executing 'COMPILE and ANALYZE' step in 'C:/Users/utilisateur/Documents/TP/TP04/PilotageLED_Memoire/PilotageLED_Memoire.sim/sim_1/behav/xsim'
"xvhdl --incr --relax -prj tb_PilotageLED_Memoire_vhdl.prj"
INFO: [VRFC 10-163] Analyzing VHDL file "C:/Users/utilisateur/Documents/TP/TP04/PilotageLED_Memoire.vhd" into library xil_defaultlib
INFO: [VRFC 10-3107] analyzing entity 'PilotageLED_Memoire'
INFO: [USF-XSim-69] 'compile' step finished in '3' seconds
INFO: [USF-XSim-3] XSim::Elaborate design
INFO: [USF-XSim-61] Executing 'ELABORATE' step in 'C:/Users/utilisateur/Documents/TP/TP04/PilotageLED_Memoire/PilotageLED_Memoire.sim/sim_1/behav/xsim'
"xelab -wto e55d4015910043b8b38a3d6a5d16d04d --incr --debug typical --relax --mt 2 -L xil_defaultlib -L secureip --snapshot tb_PilotageLED_Memoire_behav xil_defaultlib.tb_PilotageLED_Memoire -log elaborate.log"
Vivado Simulator 2020.2
Copyright 1986-1999, 2001-2020 Xilinx, Inc. All Rights Reserved.
Running: D:/Xilinx/Vivado/2020.2/bin/unwrapped/win64.o/xelab.exe -wto e55d4015910043b8b38a3d6a5d16d04d --incr --debug typical --relax --mt 2 -L xil_defaultlib -L secureip --snapshot tb_PilotageLED_Memoire_behav xil_defaultlib.tb_PilotageLED_Memoire -log elaborate.log 
Using 2 slave threads.
Starting static elaboration
WARNING: [VRFC 10-1537] value 0 is out of target constraint range 1 to 2147483647 [C:/Users/utilisateur/Documents/TP/TP04/Counter_unit.vhd:19]
WARNING: [VRFC 10-1537] value 0 is out of target constraint range 1 to 2147483647 [C:/Users/utilisateur/Documents/TP/TP04/Counter_unit.vhd:27]
WARNING: [VRFC 10-1537] value 0 is out of target constraint range 1 to 2147483647 [C:/Users/utilisateur/Documents/TP/TP04/Counter_unit.vhd:31]
Completed static elaboration
Starting simulation data flow analysis
Completed simulation data flow analysis
Time Resolution for simulation is 1ps
Compiling package std.standard
Compiling package std.textio
Compiling package ieee.std_logic_1164
Compiling package ieee.std_logic_arith
Compiling package ieee.std_logic_unsigned
Compiling package ieee.numeric_std
Compiling architecture behavioral of entity xil_defaultlib.counter_unit [counter_unit_default]
Compiling architecture behavioral of entity xil_defaultlib.PilotageLED_Memoire [pilotageled_memoire_default]
Compiling architecture behavioral of entity xil_defaultlib.tb_pilotageled_memoire
Built simulation snapshot tb_PilotageLED_Memoire_behav
run_program: Time (s): cpu = 00:00:00 ; elapsed = 00:00:05 . Memory (MB): peak = 1102.934 ; gain = 0.000
INFO: [USF-XSim-69] 'elaborate' step finished in '6' seconds
INFO: [USF-XSim-4] XSim::Simulate design
INFO: [USF-XSim-61] Executing 'SIMULATE' step in 'C:/Users/utilisateur/Documents/TP/TP04/PilotageLED_Memoire/PilotageLED_Memoire.sim/sim_1/behav/xsim'
INFO: [USF-XSim-98] *** Running xsim
   with args "tb_PilotageLED_Memoire_behav -key {Behavioral:sim_1:Functional:tb_PilotageLED_Memoire} -tclbatch {tb_PilotageLED_Memoire.tcl} -view {C:/Users/utilisateur/Documents/TP/TP04/PilotageLED_Memoire/tb_PilotageLED_Memoire_behav.wcfg} -log {simulate.log}"
INFO: [USF-XSim-8] Loading simulator feature
Vivado Simulator 2020.2
Time resolution is 1 ps
open_wave_config C:/Users/utilisateur/Documents/TP/TP04/PilotageLED_Memoire/tb_PilotageLED_Memoire_behav.wcfg
source tb_PilotageLED_Memoire.tcl
# set curr_wave [current_wave_config]
# if { [string length $curr_wave] == 0 } {
#   if { [llength [get_objects]] > 0} {
#     add_wave /
#     set_property needs_save false [current_wave_config]
#   } else {
#      send_msg_id Add_Wave-1 WARNING "No top level signals found. Simulator will start without a wave window. If you want to open a wave window go to 'File->New Waveform Configuration' or type 'create_wave_config' in the TCL console."
#   }
# }
# run 1000ns
xsim: Time (s): cpu = 00:00:10 ; elapsed = 00:00:07 . Memory (MB): peak = 1102.934 ; gain = 0.000
INFO: [USF-XSim-96] XSim completed. Design snapshot 'tb_PilotageLED_Memoire_behav' loaded.
INFO: [USF-XSim-97] XSim simulation ran for 1000ns
launch_simulation: Time (s): cpu = 00:00:12 ; elapsed = 00:00:18 . Memory (MB): peak = 1102.934 ; gain = 0.000
run 20000ns
close_sim
INFO: [Simtcl 6-16] Simulation closed
launch_simulation
Command: launch_simulation 
INFO: [Vivado 12-5682] Launching behavioral simulation in 'C:/Users/utilisateur/Documents/TP/TP04/PilotageLED_Memoire/PilotageLED_Memoire.sim/sim_1/behav/xsim'
INFO: [SIM-utils-51] Simulation object is 'sim_1'
INFO: [SIM-utils-54] Inspecting design source files for 'tb_PilotageLED_Memoire' in fileset 'sim_1'...
INFO: [USF-XSim-97] Finding global include files...
INFO: [USF-XSim-98] Fetching design files from 'sim_1'...
INFO: [USF-XSim-2] XSim::Compile design
INFO: [USF-XSim-61] Executing 'COMPILE and ANALYZE' step in 'C:/Users/utilisateur/Documents/TP/TP04/PilotageLED_Memoire/PilotageLED_Memoire.sim/sim_1/behav/xsim'
"xvhdl --incr --relax -prj tb_PilotageLED_Memoire_vhdl.prj"
INFO: [VRFC 10-163] Analyzing VHDL file "C:/Users/utilisateur/Documents/TP/TP04/PilotageLED_Memoire.vhd" into library xil_defaultlib
INFO: [VRFC 10-3107] analyzing entity 'PilotageLED_Memoire'
INFO: [USF-XSim-69] 'compile' step finished in '2' seconds
INFO: [USF-XSim-3] XSim::Elaborate design
INFO: [USF-XSim-61] Executing 'ELABORATE' step in 'C:/Users/utilisateur/Documents/TP/TP04/PilotageLED_Memoire/PilotageLED_Memoire.sim/sim_1/behav/xsim'
"xelab -wto e55d4015910043b8b38a3d6a5d16d04d --incr --debug typical --relax --mt 2 -L xil_defaultlib -L secureip --snapshot tb_PilotageLED_Memoire_behav xil_defaultlib.tb_PilotageLED_Memoire -log elaborate.log"
Vivado Simulator 2020.2
Copyright 1986-1999, 2001-2020 Xilinx, Inc. All Rights Reserved.
Running: D:/Xilinx/Vivado/2020.2/bin/unwrapped/win64.o/xelab.exe -wto e55d4015910043b8b38a3d6a5d16d04d --incr --debug typical --relax --mt 2 -L xil_defaultlib -L secureip --snapshot tb_PilotageLED_Memoire_behav xil_defaultlib.tb_PilotageLED_Memoire -log elaborate.log 
Using 2 slave threads.
Starting static elaboration
WARNING: [VRFC 10-1537] value 0 is out of target constraint range 1 to 2147483647 [C:/Users/utilisateur/Documents/TP/TP04/Counter_unit.vhd:19]
WARNING: [VRFC 10-1537] value 0 is out of target constraint range 1 to 2147483647 [C:/Users/utilisateur/Documents/TP/TP04/Counter_unit.vhd:27]
WARNING: [VRFC 10-1537] value 0 is out of target constraint range 1 to 2147483647 [C:/Users/utilisateur/Documents/TP/TP04/Counter_unit.vhd:31]
Completed static elaboration
Starting simulation data flow analysis
Completed simulation data flow analysis
Time Resolution for simulation is 1ps
Compiling package std.standard
Compiling package std.textio
Compiling package ieee.std_logic_1164
Compiling package ieee.std_logic_arith
Compiling package ieee.std_logic_unsigned
Compiling package ieee.numeric_std
Compiling architecture behavioral of entity xil_defaultlib.counter_unit [counter_unit_default]
Compiling architecture behavioral of entity xil_defaultlib.PilotageLED_Memoire [pilotageled_memoire_default]
Compiling architecture behavioral of entity xil_defaultlib.tb_pilotageled_memoire
Built simulation snapshot tb_PilotageLED_Memoire_behav
INFO: [USF-XSim-69] 'elaborate' step finished in '3' seconds
INFO: [USF-XSim-4] XSim::Simulate design
INFO: [USF-XSim-61] Executing 'SIMULATE' step in 'C:/Users/utilisateur/Documents/TP/TP04/PilotageLED_Memoire/PilotageLED_Memoire.sim/sim_1/behav/xsim'
INFO: [USF-XSim-98] *** Running xsim
   with args "tb_PilotageLED_Memoire_behav -key {Behavioral:sim_1:Functional:tb_PilotageLED_Memoire} -tclbatch {tb_PilotageLED_Memoire.tcl} -view {C:/Users/utilisateur/Documents/TP/TP04/PilotageLED_Memoire/tb_PilotageLED_Memoire_behav.wcfg} -log {simulate.log}"
INFO: [USF-XSim-8] Loading simulator feature
Vivado Simulator 2020.2
Time resolution is 1 ps
open_wave_config C:/Users/utilisateur/Documents/TP/TP04/PilotageLED_Memoire/tb_PilotageLED_Memoire_behav.wcfg
source tb_PilotageLED_Memoire.tcl
# set curr_wave [current_wave_config]
# if { [string length $curr_wave] == 0 } {
#   if { [llength [get_objects]] > 0} {
#     add_wave /
#     set_property needs_save false [current_wave_config]
#   } else {
#      send_msg_id Add_Wave-1 WARNING "No top level signals found. Simulator will start without a wave window. If you want to open a wave window go to 'File->New Waveform Configuration' or type 'create_wave_config' in the TCL console."
#   }
# }
# run 1000ns
INFO: [USF-XSim-96] XSim completed. Design snapshot 'tb_PilotageLED_Memoire_behav' loaded.
INFO: [USF-XSim-97] XSim simulation ran for 1000ns
launch_simulation: Time (s): cpu = 00:00:06 ; elapsed = 00:00:09 . Memory (MB): peak = 1102.934 ; gain = 0.000
run 20000ns
close_sim
INFO: [Simtcl 6-16] Simulation closed
launch_simulation
Command: launch_simulation 
INFO: [Vivado 12-5682] Launching behavioral simulation in 'C:/Users/utilisateur/Documents/TP/TP04/PilotageLED_Memoire/PilotageLED_Memoire.sim/sim_1/behav/xsim'
INFO: [SIM-utils-51] Simulation object is 'sim_1'
INFO: [SIM-utils-54] Inspecting design source files for 'tb_PilotageLED_Memoire' in fileset 'sim_1'...
INFO: [USF-XSim-97] Finding global include files...
INFO: [USF-XSim-98] Fetching design files from 'sim_1'...
INFO: [USF-XSim-2] XSim::Compile design
INFO: [USF-XSim-61] Executing 'COMPILE and ANALYZE' step in 'C:/Users/utilisateur/Documents/TP/TP04/PilotageLED_Memoire/PilotageLED_Memoire.sim/sim_1/behav/xsim'
"xvhdl --incr --relax -prj tb_PilotageLED_Memoire_vhdl.prj"
INFO: [VRFC 10-163] Analyzing VHDL file "C:/Users/utilisateur/Documents/TP/TP04/PilotageLED_Memoire.vhd" into library xil_defaultlib
INFO: [VRFC 10-3107] analyzing entity 'PilotageLED_Memoire'
INFO: [USF-XSim-69] 'compile' step finished in '1' seconds
INFO: [USF-XSim-3] XSim::Elaborate design
INFO: [USF-XSim-61] Executing 'ELABORATE' step in 'C:/Users/utilisateur/Documents/TP/TP04/PilotageLED_Memoire/PilotageLED_Memoire.sim/sim_1/behav/xsim'
"xelab -wto e55d4015910043b8b38a3d6a5d16d04d --incr --debug typical --relax --mt 2 -L xil_defaultlib -L secureip --snapshot tb_PilotageLED_Memoire_behav xil_defaultlib.tb_PilotageLED_Memoire -log elaborate.log"
Vivado Simulator 2020.2
Copyright 1986-1999, 2001-2020 Xilinx, Inc. All Rights Reserved.
Running: D:/Xilinx/Vivado/2020.2/bin/unwrapped/win64.o/xelab.exe -wto e55d4015910043b8b38a3d6a5d16d04d --incr --debug typical --relax --mt 2 -L xil_defaultlib -L secureip --snapshot tb_PilotageLED_Memoire_behav xil_defaultlib.tb_PilotageLED_Memoire -log elaborate.log 
Using 2 slave threads.
Starting static elaboration
WARNING: [VRFC 10-1537] value 0 is out of target constraint range 1 to 2147483647 [C:/Users/utilisateur/Documents/TP/TP04/Counter_unit.vhd:19]
WARNING: [VRFC 10-1537] value 0 is out of target constraint range 1 to 2147483647 [C:/Users/utilisateur/Documents/TP/TP04/Counter_unit.vhd:27]
WARNING: [VRFC 10-1537] value 0 is out of target constraint range 1 to 2147483647 [C:/Users/utilisateur/Documents/TP/TP04/Counter_unit.vhd:31]
Completed static elaboration
Starting simulation data flow analysis
Completed simulation data flow analysis
Time Resolution for simulation is 1ps
Compiling package std.standard
Compiling package std.textio
Compiling package ieee.std_logic_1164
Compiling package ieee.std_logic_arith
Compiling package ieee.std_logic_unsigned
Compiling package ieee.numeric_std
Compiling architecture behavioral of entity xil_defaultlib.counter_unit [counter_unit_default]
Compiling architecture behavioral of entity xil_defaultlib.PilotageLED_Memoire [pilotageled_memoire_default]
Compiling architecture behavioral of entity xil_defaultlib.tb_pilotageled_memoire
Built simulation snapshot tb_PilotageLED_Memoire_behav
INFO: [USF-XSim-69] 'elaborate' step finished in '3' seconds
INFO: [USF-XSim-4] XSim::Simulate design
INFO: [USF-XSim-61] Executing 'SIMULATE' step in 'C:/Users/utilisateur/Documents/TP/TP04/PilotageLED_Memoire/PilotageLED_Memoire.sim/sim_1/behav/xsim'
INFO: [USF-XSim-98] *** Running xsim
   with args "tb_PilotageLED_Memoire_behav -key {Behavioral:sim_1:Functional:tb_PilotageLED_Memoire} -tclbatch {tb_PilotageLED_Memoire.tcl} -view {C:/Users/utilisateur/Documents/TP/TP04/PilotageLED_Memoire/tb_PilotageLED_Memoire_behav.wcfg} -log {simulate.log}"
INFO: [USF-XSim-8] Loading simulator feature
Vivado Simulator 2020.2
Time resolution is 1 ps
open_wave_config C:/Users/utilisateur/Documents/TP/TP04/PilotageLED_Memoire/tb_PilotageLED_Memoire_behav.wcfg
source tb_PilotageLED_Memoire.tcl
# set curr_wave [current_wave_config]
# if { [string length $curr_wave] == 0 } {
#   if { [llength [get_objects]] > 0} {
#     add_wave /
#     set_property needs_save false [current_wave_config]
#   } else {
#      send_msg_id Add_Wave-1 WARNING "No top level signals found. Simulator will start without a wave window. If you want to open a wave window go to 'File->New Waveform Configuration' or type 'create_wave_config' in the TCL console."
#   }
# }
# run 1000ns
INFO: [USF-XSim-96] XSim completed. Design snapshot 'tb_PilotageLED_Memoire_behav' loaded.
INFO: [USF-XSim-97] XSim simulation ran for 1000ns
launch_simulation: Time (s): cpu = 00:00:05 ; elapsed = 00:00:09 . Memory (MB): peak = 1102.934 ; gain = 0.000
run 20000ns
close_sim
INFO: [Simtcl 6-16] Simulation closed
exit
INFO: [Common 17-206] Exiting Vivado at Mon May 15 16:28:16 2023...
