#-----------------------------------------------------------
# Vivado v2020.2 (64-bit)
# SW Build 3064766 on Wed Nov 18 09:12:45 MST 2020
# IP Build 3064653 on Wed Nov 18 14:17:31 MST 2020
# Start of session at: Thu Jul  6 15:38:40 2023
# Process ID: 12688
# Current directory: C:/Users/utilisateur/Desktop/Formation_FPGA/FormationFPGA/Projet_VGA/Generateur_Pattern
# Command line: vivado.exe -gui_launcher_event rodinguilauncherevent1000 C:\Users\utilisateur\Desktop\Formation_FPGA\FormationFPGA\Projet_VGA\Generateur_Pattern\Generateur_Pattern.xpr
# Log file: C:/Users/utilisateur/Desktop/Formation_FPGA/FormationFPGA/Projet_VGA/Generateur_Pattern/vivado.log
# Journal file: C:/Users/utilisateur/Desktop/Formation_FPGA/FormationFPGA/Projet_VGA/Generateur_Pattern\vivado.jou
#-----------------------------------------------------------
start_gui
open_project C:/Users/utilisateur/Desktop/Formation_FPGA/FormationFPGA/Projet_VGA/Generateur_Pattern/Generateur_Pattern.xpr
INFO: [ProjectBase 1-489] The host OS only allows 260 characters in a normal path. The project is stored in a path with more than 80 characters. If you experience issues with IP, Block Designs, or files not being found, please consider moving the project to a location with a shorter path. Alternately consider using the OS subst command to map part of the path to a drive letter.
Current project path is 'C:/Users/utilisateur/Desktop/Formation_FPGA/FormationFPGA/Projet_VGA/Generateur_Pattern'
INFO: [Project 1-313] Project file moved from 'C:/Users/utilisateur/Documents/TP/Projet_VGA/Generateur_Pattern' since last save.
Scanning sources...
Finished scanning sources
INFO: [IP_Flow 19-234] Refreshing IP repositories
INFO: [IP_Flow 19-1704] No user IP repositories specified
INFO: [IP_Flow 19-2313] Loaded Vivado IP repository 'D:/Xilinx/Vivado/2020.2/data/ip'.
open_project: Time (s): cpu = 00:00:16 ; elapsed = 00:00:07 . Memory (MB): peak = 1100.809 ; gain = 0.000
update_compile_order -fileset sources_1
exit
INFO: [Common 17-206] Exiting Vivado at Thu Jul  6 16:16:06 2023...
