Vivado Simulator 2020.2
Copyright 1986-1999, 2001-2020 Xilinx, Inc. All Rights Reserved.
Running: D:/Xilinx/Vivado/2020.2/bin/unwrapped/win64.o/xelab.exe -wto e55d4015910043b8b38a3d6a5d16d04d --incr --debug typical --relax --mt 2 -L xil_defaultlib -L secureip --snapshot tb_PilotageLED_Memoire_behav xil_defaultlib.tb_PilotageLED_Memoire -log elaborate.log 
Using 2 slave threads.
Starting static elaboration
WARNING: [VRFC 10-1537] value 0 is out of target constraint range 1 to 2147483647 [C:/Users/utilisateur/Documents/TP/TP04/Counter_unit.vhd:19]
WARNING: [VRFC 10-1537] value 0 is out of target constraint range 1 to 2147483647 [C:/Users/utilisateur/Documents/TP/TP04/Counter_unit.vhd:27]
WARNING: [VRFC 10-1537] value 0 is out of target constraint range 1 to 2147483647 [C:/Users/utilisateur/Documents/TP/TP04/Counter_unit.vhd:31]
Completed static elaboration
Starting simulation data flow analysis
Completed simulation data flow analysis
Time Resolution for simulation is 1ps
Compiling package std.standard
Compiling package std.textio
Compiling package ieee.std_logic_1164
Compiling package ieee.std_logic_arith
Compiling package ieee.std_logic_unsigned
Compiling package ieee.numeric_std
Compiling architecture behavioral of entity xil_defaultlib.counter_unit [counter_unit_default]
Compiling architecture behavioral of entity xil_defaultlib.PilotageLED_Memoire [pilotageled_memoire_default]
Compiling architecture behavioral of entity xil_defaultlib.tb_pilotageled_memoire
Built simulation snapshot tb_PilotageLED_Memoire_behav
