#-----------------------------------------------------------
# Vivado v2020.2 (64-bit)
# SW Build 3064766 on Wed Nov 18 09:12:45 MST 2020
# IP Build 3064653 on Wed Nov 18 14:17:31 MST 2020
# Start of session at: Tue May 23 13:31:55 2023
# Process ID: 9564
# Current directory: C:/Users/utilisateur/Documents/TP/TP05/LedDriver/LedDriver
# Command line: vivado.exe -gui_launcher_event rodinguilauncherevent5804 C:\Users\utilisateur\Documents\TP\TP05\LedDriver\LedDriver\LedDriver.xpr
# Log file: C:/Users/utilisateur/Documents/TP/TP05/LedDriver/LedDriver/vivado.log
# Journal file: C:/Users/utilisateur/Documents/TP/TP05/LedDriver/LedDriver\vivado.jou
#-----------------------------------------------------------
start_gui
open_project C:/Users/utilisateur/Documents/TP/TP05/LedDriver/LedDriver/LedDriver.xpr
INFO: [Project 1-313] Project file moved from 'C:/Users/utilisateur/Documents/TP/TP04/LedDriver/LedDriver' since last save.
WARNING: [filemgmt 56-2] Default IP Output Path : Could not find the directory 'C:/Users/utilisateur/Documents/TP/TP05/LedDriver/LedDriver/LedDriver.gen/sources_1', nor could it be found using path 'C:/Users/utilisateur/Documents/TP/TP04/LedDriver/LedDriver/LedDriver.gen/sources_1'.
Scanning sources...
Finished scanning sources
INFO: [IP_Flow 19-234] Refreshing IP repositories
INFO: [IP_Flow 19-1704] No user IP repositories specified
INFO: [IP_Flow 19-2313] Loaded Vivado IP repository 'D:/Xilinx/Vivado/2020.2/data/ip'.
open_project: Time (s): cpu = 00:00:27 ; elapsed = 00:00:13 . Memory (MB): peak = 1096.098 ; gain = 0.000
update_compile_order -fileset sources_1
launch_simulation
Command: launch_simulation 
INFO: [Vivado 12-5682] Launching behavioral simulation in 'C:/Users/utilisateur/Documents/TP/TP05/LedDriver/LedDriver/LedDriver.sim/sim_1/behav/xsim'
INFO: [SIM-utils-51] Simulation object is 'sim_1'
INFO: [SIM-utils-54] Inspecting design source files for 'tb_LedDriver' in fileset 'sim_1'...
INFO: [USF-XSim-97] Finding global include files...
INFO: [USF-XSim-98] Fetching design files from 'sim_1'...
INFO: [USF-XSim-2] XSim::Compile design
INFO: [USF-XSim-61] Executing 'COMPILE and ANALYZE' step in 'C:/Users/utilisateur/Documents/TP/TP05/LedDriver/LedDriver/LedDriver.sim/sim_1/behav/xsim'
"xvhdl --incr --relax -prj tb_LedDriver_vhdl.prj"
INFO: [VRFC 10-163] Analyzing VHDL file "C:/Users/utilisateur/Documents/TP/TP05/LedDriver/Counter_unit.vhd" into library xil_defaultlib
INFO: [VRFC 10-3107] analyzing entity 'counter_unit'
INFO: [VRFC 10-163] Analyzing VHDL file "C:/Users/utilisateur/Documents/TP/TP05/LedDriver/LedDriver.vhd" into library xil_defaultlib
INFO: [VRFC 10-3107] analyzing entity 'LedDriver'
INFO: [VRFC 10-163] Analyzing VHDL file "C:/Users/utilisateur/Documents/TP/TP05/LedDriver/tb_LedDriver.vhd" into library xil_defaultlib
INFO: [VRFC 10-3107] analyzing entity 'tb_LedDriver'
INFO: [USF-XSim-69] 'compile' step finished in '4' seconds
INFO: [USF-XSim-3] XSim::Elaborate design
INFO: [USF-XSim-61] Executing 'ELABORATE' step in 'C:/Users/utilisateur/Documents/TP/TP05/LedDriver/LedDriver/LedDriver.sim/sim_1/behav/xsim'
"xelab -wto 7083bcd007d4421da8257a1cc1fee3c2 --incr --debug typical --relax --mt 2 -L xil_defaultlib -L secureip --snapshot tb_LedDriver_behav xil_defaultlib.tb_LedDriver -log elaborate.log"
Vivado Simulator 2020.2
Copyright 1986-1999, 2001-2020 Xilinx, Inc. All Rights Reserved.
Running: D:/Xilinx/Vivado/2020.2/bin/unwrapped/win64.o/xelab.exe -wto 7083bcd007d4421da8257a1cc1fee3c2 --incr --debug typical --relax --mt 2 -L xil_defaultlib -L secureip --snapshot tb_LedDriver_behav xil_defaultlib.tb_LedDriver -log elaborate.log 
Using 2 slave threads.
Starting static elaboration
WARNING: [VRFC 10-1537] value 0 is out of target constraint range 1 to 2147483647 [C:/Users/utilisateur/Documents/TP/TP05/LedDriver/Counter_unit.vhd:19]
WARNING: [VRFC 10-1537] value 0 is out of target constraint range 1 to 2147483647 [C:/Users/utilisateur/Documents/TP/TP05/LedDriver/Counter_unit.vhd:27]
WARNING: [VRFC 10-1537] value 0 is out of target constraint range 1 to 2147483647 [C:/Users/utilisateur/Documents/TP/TP05/LedDriver/Counter_unit.vhd:31]
Completed static elaboration
Starting simulation data flow analysis
Completed simulation data flow analysis
Time Resolution for simulation is 1ps
Compiling package std.standard
Compiling package std.textio
Compiling package ieee.std_logic_1164
Compiling package ieee.std_logic_arith
Compiling package ieee.std_logic_unsigned
Compiling package ieee.numeric_std
Compiling architecture behavioral of entity xil_defaultlib.counter_unit [counter_unit_default]
Compiling architecture behavioral of entity xil_defaultlib.LedDriver [leddriver_default]
Compiling architecture behavioral of entity xil_defaultlib.tb_leddriver
Built simulation snapshot tb_LedDriver_behav

****** Webtalk v2020.2 (64-bit)
  **** SW Build 3064766 on Wed Nov 18 09:12:45 MST 2020
  **** IP Build 3064653 on Wed Nov 18 14:17:31 MST 2020
    ** Copyright 1986-2020 Xilinx, Inc. All Rights Reserved.

source C:/Users/utilisateur/Documents/TP/TP05/LedDriver/LedDriver/LedDriver.sim/sim_1/behav/xsim/xsim.dir/tb_LedDriver_behav/webtalk/xsim_webtalk.tcl -notrace
INFO: [Common 17-206] Exiting Webtalk at Tue May 23 13:33:15 2023...
run_program: Time (s): cpu = 00:00:02 ; elapsed = 00:00:09 . Memory (MB): peak = 1096.098 ; gain = 0.000
INFO: [USF-XSim-69] 'elaborate' step finished in '9' seconds
INFO: [USF-XSim-4] XSim::Simulate design
INFO: [USF-XSim-61] Executing 'SIMULATE' step in 'C:/Users/utilisateur/Documents/TP/TP05/LedDriver/LedDriver/LedDriver.sim/sim_1/behav/xsim'
INFO: [USF-XSim-98] *** Running xsim
   with args "tb_LedDriver_behav -key {Behavioral:sim_1:Functional:tb_LedDriver} -tclbatch {tb_LedDriver.tcl} -view {C:/Users/utilisateur/Documents/TP/TP05/LedDriver/LedDriver/tb_LedDriver_behav.wcfg} -log {simulate.log}"
INFO: [USF-XSim-8] Loading simulator feature
Vivado Simulator 2020.2
Time resolution is 1 ps
open_wave_config C:/Users/utilisateur/Documents/TP/TP05/LedDriver/LedDriver/tb_LedDriver_behav.wcfg
source tb_LedDriver.tcl
# set curr_wave [current_wave_config]
# if { [string length $curr_wave] == 0 } {
#   if { [llength [get_objects]] > 0} {
#     add_wave /
#     set_property needs_save false [current_wave_config]
#   } else {
#      send_msg_id Add_Wave-1 WARNING "No top level signals found. Simulator will start without a wave window. If you want to open a wave window go to 'File->New Waveform Configuration' or type 'create_wave_config' in the TCL console."
#   }
# }
# run 1000ns
xsim: Time (s): cpu = 00:00:14 ; elapsed = 00:00:06 . Memory (MB): peak = 1096.098 ; gain = 0.000
INFO: [USF-XSim-96] XSim completed. Design snapshot 'tb_LedDriver_behav' loaded.
INFO: [USF-XSim-97] XSim simulation ran for 1000ns
launch_simulation: Time (s): cpu = 00:00:19 ; elapsed = 00:00:20 . Memory (MB): peak = 1096.098 ; gain = 0.000
run 50000ns
close_sim
INFO: [Simtcl 6-16] Simulation closed
close_sim: Time (s): cpu = 00:00:03 ; elapsed = 00:00:05 . Memory (MB): peak = 1096.098 ; gain = 0.000
launch_simulation
Command: launch_simulation 
INFO: [Vivado 12-5682] Launching behavioral simulation in 'C:/Users/utilisateur/Documents/TP/TP05/LedDriver/LedDriver/LedDriver.sim/sim_1/behav/xsim'
INFO: [SIM-utils-51] Simulation object is 'sim_1'
INFO: [SIM-utils-54] Inspecting design source files for 'tb_LedDriver' in fileset 'sim_1'...
INFO: [USF-XSim-97] Finding global include files...
INFO: [USF-XSim-98] Fetching design files from 'sim_1'...
INFO: [USF-XSim-2] XSim::Compile design
INFO: [USF-XSim-61] Executing 'COMPILE and ANALYZE' step in 'C:/Users/utilisateur/Documents/TP/TP05/LedDriver/LedDriver/LedDriver.sim/sim_1/behav/xsim'
"xvhdl --incr --relax -prj tb_LedDriver_vhdl.prj"
INFO: [VRFC 10-163] Analyzing VHDL file "C:/Users/utilisateur/Documents/TP/TP05/LedDriver/LedDriver.vhd" into library xil_defaultlib
INFO: [VRFC 10-3107] analyzing entity 'LedDriver'
INFO: [VRFC 10-163] Analyzing VHDL file "C:/Users/utilisateur/Documents/TP/TP05/LedDriver/tb_LedDriver.vhd" into library xil_defaultlib
INFO: [VRFC 10-3107] analyzing entity 'tb_LedDriver'
INFO: [USF-XSim-69] 'compile' step finished in '3' seconds
INFO: [USF-XSim-3] XSim::Elaborate design
INFO: [USF-XSim-61] Executing 'ELABORATE' step in 'C:/Users/utilisateur/Documents/TP/TP05/LedDriver/LedDriver/LedDriver.sim/sim_1/behav/xsim'
"xelab -wto 7083bcd007d4421da8257a1cc1fee3c2 --incr --debug typical --relax --mt 2 -L xil_defaultlib -L secureip --snapshot tb_LedDriver_behav xil_defaultlib.tb_LedDriver -log elaborate.log"
Vivado Simulator 2020.2
Copyright 1986-1999, 2001-2020 Xilinx, Inc. All Rights Reserved.
Running: D:/Xilinx/Vivado/2020.2/bin/unwrapped/win64.o/xelab.exe -wto 7083bcd007d4421da8257a1cc1fee3c2 --incr --debug typical --relax --mt 2 -L xil_defaultlib -L secureip --snapshot tb_LedDriver_behav xil_defaultlib.tb_LedDriver -log elaborate.log 
Using 2 slave threads.
Starting static elaboration
WARNING: [VRFC 10-1537] value 0 is out of target constraint range 1 to 2147483647 [C:/Users/utilisateur/Documents/TP/TP05/LedDriver/Counter_unit.vhd:19]
WARNING: [VRFC 10-1537] value 0 is out of target constraint range 1 to 2147483647 [C:/Users/utilisateur/Documents/TP/TP05/LedDriver/Counter_unit.vhd:27]
WARNING: [VRFC 10-1537] value 0 is out of target constraint range 1 to 2147483647 [C:/Users/utilisateur/Documents/TP/TP05/LedDriver/Counter_unit.vhd:31]
Completed static elaboration
Starting simulation data flow analysis
Completed simulation data flow analysis
Time Resolution for simulation is 1ps
Compiling package std.standard
Compiling package std.textio
Compiling package ieee.std_logic_1164
Compiling package ieee.std_logic_arith
Compiling package ieee.std_logic_unsigned
Compiling package ieee.numeric_std
Compiling architecture behavioral of entity xil_defaultlib.counter_unit [counter_unit_default]
Compiling architecture behavioral of entity xil_defaultlib.LedDriver [leddriver_default]
Compiling architecture behavioral of entity xil_defaultlib.tb_leddriver
Built simulation snapshot tb_LedDriver_behav
INFO: [USF-XSim-69] 'elaborate' step finished in '3' seconds
INFO: [USF-XSim-4] XSim::Simulate design
INFO: [USF-XSim-61] Executing 'SIMULATE' step in 'C:/Users/utilisateur/Documents/TP/TP05/LedDriver/LedDriver/LedDriver.sim/sim_1/behav/xsim'
INFO: [USF-XSim-98] *** Running xsim
   with args "tb_LedDriver_behav -key {Behavioral:sim_1:Functional:tb_LedDriver} -tclbatch {tb_LedDriver.tcl} -view {C:/Users/utilisateur/Documents/TP/TP05/LedDriver/LedDriver/tb_LedDriver_behav.wcfg} -log {simulate.log}"
INFO: [USF-XSim-8] Loading simulator feature
Vivado Simulator 2020.2
Time resolution is 1 ps
open_wave_config C:/Users/utilisateur/Documents/TP/TP05/LedDriver/LedDriver/tb_LedDriver_behav.wcfg
source tb_LedDriver.tcl
# set curr_wave [current_wave_config]
# if { [string length $curr_wave] == 0 } {
#   if { [llength [get_objects]] > 0} {
#     add_wave /
#     set_property needs_save false [current_wave_config]
#   } else {
#      send_msg_id Add_Wave-1 WARNING "No top level signals found. Simulator will start without a wave window. If you want to open a wave window go to 'File->New Waveform Configuration' or type 'create_wave_config' in the TCL console."
#   }
# }
# run 1000ns
INFO: [USF-XSim-96] XSim completed. Design snapshot 'tb_LedDriver_behav' loaded.
INFO: [USF-XSim-97] XSim simulation ran for 1000ns
launch_simulation: Time (s): cpu = 00:00:11 ; elapsed = 00:00:11 . Memory (MB): peak = 1096.098 ; gain = 0.000
run 50000ns
close_sim
INFO: [Simtcl 6-16] Simulation closed
launch_simulation
Command: launch_simulation 
INFO: [Vivado 12-5682] Launching behavioral simulation in 'C:/Users/utilisateur/Documents/TP/TP05/LedDriver/LedDriver/LedDriver.sim/sim_1/behav/xsim'
INFO: [SIM-utils-51] Simulation object is 'sim_1'
INFO: [SIM-utils-54] Inspecting design source files for 'tb_LedDriver' in fileset 'sim_1'...
INFO: [USF-XSim-97] Finding global include files...
INFO: [USF-XSim-98] Fetching design files from 'sim_1'...
INFO: [USF-XSim-2] XSim::Compile design
INFO: [USF-XSim-61] Executing 'COMPILE and ANALYZE' step in 'C:/Users/utilisateur/Documents/TP/TP05/LedDriver/LedDriver/LedDriver.sim/sim_1/behav/xsim'
"xvhdl --incr --relax -prj tb_LedDriver_vhdl.prj"
INFO: [VRFC 10-163] Analyzing VHDL file "C:/Users/utilisateur/Documents/TP/TP05/LedDriver/LedDriver.vhd" into library xil_defaultlib
INFO: [VRFC 10-3107] analyzing entity 'LedDriver'
INFO: [USF-XSim-69] 'compile' step finished in '2' seconds
INFO: [USF-XSim-3] XSim::Elaborate design
INFO: [USF-XSim-61] Executing 'ELABORATE' step in 'C:/Users/utilisateur/Documents/TP/TP05/LedDriver/LedDriver/LedDriver.sim/sim_1/behav/xsim'
"xelab -wto 7083bcd007d4421da8257a1cc1fee3c2 --incr --debug typical --relax --mt 2 -L xil_defaultlib -L secureip --snapshot tb_LedDriver_behav xil_defaultlib.tb_LedDriver -log elaborate.log"
Vivado Simulator 2020.2
Copyright 1986-1999, 2001-2020 Xilinx, Inc. All Rights Reserved.
Running: D:/Xilinx/Vivado/2020.2/bin/unwrapped/win64.o/xelab.exe -wto 7083bcd007d4421da8257a1cc1fee3c2 --incr --debug typical --relax --mt 2 -L xil_defaultlib -L secureip --snapshot tb_LedDriver_behav xil_defaultlib.tb_LedDriver -log elaborate.log 
Using 2 slave threads.
Starting static elaboration
WARNING: [VRFC 10-1537] value 0 is out of target constraint range 1 to 2147483647 [C:/Users/utilisateur/Documents/TP/TP05/LedDriver/Counter_unit.vhd:19]
WARNING: [VRFC 10-1537] value 0 is out of target constraint range 1 to 2147483647 [C:/Users/utilisateur/Documents/TP/TP05/LedDriver/Counter_unit.vhd:27]
WARNING: [VRFC 10-1537] value 0 is out of target constraint range 1 to 2147483647 [C:/Users/utilisateur/Documents/TP/TP05/LedDriver/Counter_unit.vhd:31]
Completed static elaboration
Starting simulation data flow analysis
Completed simulation data flow analysis
Time Resolution for simulation is 1ps
Compiling package std.standard
Compiling package std.textio
Compiling package ieee.std_logic_1164
Compiling package ieee.std_logic_arith
Compiling package ieee.std_logic_unsigned
Compiling package ieee.numeric_std
Compiling architecture behavioral of entity xil_defaultlib.counter_unit [counter_unit_default]
Compiling architecture behavioral of entity xil_defaultlib.LedDriver [leddriver_default]
Compiling architecture behavioral of entity xil_defaultlib.tb_leddriver
Built simulation snapshot tb_LedDriver_behav
INFO: [USF-XSim-69] 'elaborate' step finished in '4' seconds
INFO: [USF-XSim-4] XSim::Simulate design
INFO: [USF-XSim-61] Executing 'SIMULATE' step in 'C:/Users/utilisateur/Documents/TP/TP05/LedDriver/LedDriver/LedDriver.sim/sim_1/behav/xsim'
INFO: [USF-XSim-98] *** Running xsim
   with args "tb_LedDriver_behav -key {Behavioral:sim_1:Functional:tb_LedDriver} -tclbatch {tb_LedDriver.tcl} -view {C:/Users/utilisateur/Documents/TP/TP05/LedDriver/LedDriver/tb_LedDriver_behav.wcfg} -log {simulate.log}"
INFO: [USF-XSim-8] Loading simulator feature
Vivado Simulator 2020.2
Time resolution is 1 ps
open_wave_config C:/Users/utilisateur/Documents/TP/TP05/LedDriver/LedDriver/tb_LedDriver_behav.wcfg
source tb_LedDriver.tcl
# set curr_wave [current_wave_config]
# if { [string length $curr_wave] == 0 } {
#   if { [llength [get_objects]] > 0} {
#     add_wave /
#     set_property needs_save false [current_wave_config]
#   } else {
#      send_msg_id Add_Wave-1 WARNING "No top level signals found. Simulator will start without a wave window. If you want to open a wave window go to 'File->New Waveform Configuration' or type 'create_wave_config' in the TCL console."
#   }
# }
# run 1000ns
INFO: [USF-XSim-96] XSim completed. Design snapshot 'tb_LedDriver_behav' loaded.
INFO: [USF-XSim-97] XSim simulation ran for 1000ns
launch_simulation: Time (s): cpu = 00:00:06 ; elapsed = 00:00:11 . Memory (MB): peak = 1096.098 ; gain = 0.000
run 50000ns
close_sim
INFO: [Simtcl 6-16] Simulation closed
launch_simulation
Command: launch_simulation 
INFO: [Vivado 12-5682] Launching behavioral simulation in 'C:/Users/utilisateur/Documents/TP/TP05/LedDriver/LedDriver/LedDriver.sim/sim_1/behav/xsim'
INFO: [SIM-utils-51] Simulation object is 'sim_1'
INFO: [SIM-utils-54] Inspecting design source files for 'tb_LedDriver' in fileset 'sim_1'...
INFO: [USF-XSim-97] Finding global include files...
INFO: [USF-XSim-98] Fetching design files from 'sim_1'...
INFO: [USF-XSim-2] XSim::Compile design
INFO: [USF-XSim-61] Executing 'COMPILE and ANALYZE' step in 'C:/Users/utilisateur/Documents/TP/TP05/LedDriver/LedDriver/LedDriver.sim/sim_1/behav/xsim'
"xvhdl --incr --relax -prj tb_LedDriver_vhdl.prj"
INFO: [VRFC 10-163] Analyzing VHDL file "C:/Users/utilisateur/Documents/TP/TP05/LedDriver/LedDriver.vhd" into library xil_defaultlib
INFO: [VRFC 10-3107] analyzing entity 'LedDriver'
INFO: [VRFC 10-163] Analyzing VHDL file "C:/Users/utilisateur/Documents/TP/TP05/LedDriver/tb_LedDriver.vhd" into library xil_defaultlib
INFO: [VRFC 10-3107] analyzing entity 'tb_LedDriver'
INFO: [USF-XSim-69] 'compile' step finished in '3' seconds
INFO: [USF-XSim-3] XSim::Elaborate design
INFO: [USF-XSim-61] Executing 'ELABORATE' step in 'C:/Users/utilisateur/Documents/TP/TP05/LedDriver/LedDriver/LedDriver.sim/sim_1/behav/xsim'
"xelab -wto 7083bcd007d4421da8257a1cc1fee3c2 --incr --debug typical --relax --mt 2 -L xil_defaultlib -L secureip --snapshot tb_LedDriver_behav xil_defaultlib.tb_LedDriver -log elaborate.log"
Vivado Simulator 2020.2
Copyright 1986-1999, 2001-2020 Xilinx, Inc. All Rights Reserved.
Running: D:/Xilinx/Vivado/2020.2/bin/unwrapped/win64.o/xelab.exe -wto 7083bcd007d4421da8257a1cc1fee3c2 --incr --debug typical --relax --mt 2 -L xil_defaultlib -L secureip --snapshot tb_LedDriver_behav xil_defaultlib.tb_LedDriver -log elaborate.log 
Using 2 slave threads.
Starting static elaboration
WARNING: [VRFC 10-1537] value 0 is out of target constraint range 1 to 2147483647 [C:/Users/utilisateur/Documents/TP/TP05/LedDriver/Counter_unit.vhd:19]
WARNING: [VRFC 10-1537] value 0 is out of target constraint range 1 to 2147483647 [C:/Users/utilisateur/Documents/TP/TP05/LedDriver/Counter_unit.vhd:27]
WARNING: [VRFC 10-1537] value 0 is out of target constraint range 1 to 2147483647 [C:/Users/utilisateur/Documents/TP/TP05/LedDriver/Counter_unit.vhd:31]
Completed static elaboration
Starting simulation data flow analysis
Completed simulation data flow analysis
Time Resolution for simulation is 1ps
Compiling package std.standard
Compiling package std.textio
Compiling package ieee.std_logic_1164
Compiling package ieee.std_logic_arith
Compiling package ieee.std_logic_unsigned
Compiling package ieee.numeric_std
Compiling architecture behavioral of entity xil_defaultlib.counter_unit [counter_unit_default]
Compiling architecture behavioral of entity xil_defaultlib.LedDriver [leddriver_default]
Compiling architecture behavioral of entity xil_defaultlib.tb_leddriver
Built simulation snapshot tb_LedDriver_behav
INFO: [USF-XSim-69] 'elaborate' step finished in '4' seconds
INFO: [USF-XSim-4] XSim::Simulate design
INFO: [USF-XSim-61] Executing 'SIMULATE' step in 'C:/Users/utilisateur/Documents/TP/TP05/LedDriver/LedDriver/LedDriver.sim/sim_1/behav/xsim'
INFO: [USF-XSim-98] *** Running xsim
   with args "tb_LedDriver_behav -key {Behavioral:sim_1:Functional:tb_LedDriver} -tclbatch {tb_LedDriver.tcl} -view {C:/Users/utilisateur/Documents/TP/TP05/LedDriver/LedDriver/tb_LedDriver_behav.wcfg} -log {simulate.log}"
INFO: [USF-XSim-8] Loading simulator feature
Vivado Simulator 2020.2
Time resolution is 1 ps
open_wave_config C:/Users/utilisateur/Documents/TP/TP05/LedDriver/LedDriver/tb_LedDriver_behav.wcfg
source tb_LedDriver.tcl
# set curr_wave [current_wave_config]
# if { [string length $curr_wave] == 0 } {
#   if { [llength [get_objects]] > 0} {
#     add_wave /
#     set_property needs_save false [current_wave_config]
#   } else {
#      send_msg_id Add_Wave-1 WARNING "No top level signals found. Simulator will start without a wave window. If you want to open a wave window go to 'File->New Waveform Configuration' or type 'create_wave_config' in the TCL console."
#   }
# }
# run 1000ns
INFO: [USF-XSim-96] XSim completed. Design snapshot 'tb_LedDriver_behav' loaded.
INFO: [USF-XSim-97] XSim simulation ran for 1000ns
launch_simulation: Time (s): cpu = 00:00:06 ; elapsed = 00:00:12 . Memory (MB): peak = 1096.098 ; gain = 0.000
run 50000ns
restart
INFO: [Simtcl 6-17] Simulation restarted
run 50000ns
save_wave_config {C:/Users/utilisateur/Documents/TP/TP05/LedDriver/LedDriver/tb_LedDriver_behav.wcfg}
close_sim
INFO: [Simtcl 6-16] Simulation closed
exit
INFO: [Common 17-206] Exiting Vivado at Tue May 23 13:45:24 2023...
