Vivado Simulator 2020.2
Copyright 1986-1999, 2001-2020 Xilinx, Inc. All Rights Reserved.
Running: D:/Xilinx/Vivado/2020.2/bin/unwrapped/win64.o/xelab.exe -wto 7083bcd007d4421da8257a1cc1fee3c2 --incr --debug typical --relax --mt 2 -L xil_defaultlib -L fifo_generator_v13_2_5 -L unisims_ver -L unimacro_ver -L secureip -L xpm --snapshot tb_LedDriver_behav xil_defaultlib.tb_LedDriver xil_defaultlib.glbl -log elaborate.log 
Using 2 slave threads.
Starting static elaboration
Pass Through NonSizing Optimizer
WARNING: [VRFC 10-1537] value 0 is out of target constraint range 1 to 2147483647 [C:/Users/utilisateur/Documents/TP/TP04 - Part2/LedDriver_Fifo/Counter_unit.vhd:19]
WARNING: [VRFC 10-1537] value 0 is out of target constraint range 1 to 2147483647 [C:/Users/utilisateur/Documents/TP/TP04 - Part2/LedDriver_Fifo/Counter_unit.vhd:30]
WARNING: [VRFC 10-1537] value 0 is out of target constraint range 1 to 2147483647 [C:/Users/utilisateur/Documents/TP/TP04 - Part2/LedDriver_Fifo/Counter_unit.vhd:34]
Completed static elaboration
Starting simulation data flow analysis
Completed simulation data flow analysis
Time Resolution for simulation is 1ps
Compiling package std.standard
Compiling package std.textio
Compiling package ieee.std_logic_1164
Compiling package ieee.std_logic_arith
Compiling package ieee.std_logic_unsigned
Compiling package ieee.numeric_std
Compiling package vl.vl_types
Compiling module xil_defaultlib.glbl
Compiling architecture behavioral of entity xil_defaultlib.counter_unit [counter_unit_default]
Compiling module fifo_generator_v13_2_5.fifo_generator_v13_2_5_bhv_ver_s...
Compiling module fifo_generator_v13_2_5.fifo_generator_v13_2_5_CONV_VER(...
Compiling module fifo_generator_v13_2_5.fifo_generator_vlog_beh(C_COMMON...
Compiling module xil_defaultlib.FIFO_Code_Couleur
Compiling architecture behavioral of entity xil_defaultlib.LedDriver [leddriver_default]
Compiling architecture behavioral of entity xil_defaultlib.tb_leddriver
Built simulation snapshot tb_LedDriver_behav
